[    0.000000] Initializing cgroup subsys cpuset
[    0.000000] Initializing cgroup subsys cpu
[    0.000000] Initializing cgroup subsys cpuacct
[    0.000000] Linux version 4.4.0-142-generic (buildd@lgw01-amd64-033) (gcc version 5.4.0 20160609 (Ubuntu 5.4.0-6ubuntu1~16.04.10) ) #168-Ubuntu SMP Wed Jan 16 21:00:45 UTC 2019 (Ubuntu 4.4.0-142.168-generic 4.4.167)
[    0.000000] Command line: BOOT_IMAGE=/boot/vmlinuz-4.4.0-142-generic root=UUID=73651260-a8f2-44b4-b86a-2bbaa51ec794 ro console=tty1 console=ttyS0
[    0.000000] KERNEL supported cpus:
[    0.000000]   Intel GenuineIntel
[    0.000000]   AMD AuthenticAMD
[    0.000000]   Centaur CentaurHauls
[    0.000000] x86/fpu: xstate_offset[2]:  576, xstate_sizes[2]:  256
[    0.000000] x86/fpu: Supporting XSAVE feature 0x01: 'x87 floating point registers'
[    0.000000] x86/fpu: Supporting XSAVE feature 0x02: 'SSE registers'
[    0.000000] x86/fpu: Supporting XSAVE feature 0x04: 'AVX registers'
[    0.000000] x86/fpu: Enabled xstate features 0x7, context size is 832 bytes, using 'standard' format.
[    0.000000] e820: BIOS-provided physical RAM map:
[    0.000000] BIOS-e820: [mem 0x0000000000000000-0x000000000009fbff] usable
[    0.000000] BIOS-e820: [mem 0x000000000009fc00-0x000000000009ffff] reserved
[    0.000000] BIOS-e820: [mem 0x00000000000f0000-0x00000000000fffff] reserved
[    0.000000] BIOS-e820: [mem 0x0000000000100000-0x000000003ffeffff] usable
[    0.000000] BIOS-e820: [mem 0x000000003fff0000-0x000000003fffffff] ACPI data
[    0.000000] BIOS-e820: [mem 0x00000000fec00000-0x00000000fec00fff] reserved
[    0.000000] BIOS-e820: [mem 0x00000000fee00000-0x00000000fee00fff] reserved
[    0.000000] BIOS-e820: [mem 0x00000000fffc0000-0x00000000ffffffff] reserved
[    0.000000] NX (Execute Disable) protection: active
[    0.000000] SMBIOS 2.5 present.
[    0.000000] Hypervisor detected: KVM
[    0.000000] e820: last_pfn = 0x3fff0 max_arch_pfn = 0x400000000
[    0.000000] MTRR: Disabled
[    0.000000] x86/PAT: MTRRs disabled, skipping PAT initialization too.
[    0.000000] CPU MTRRs all blank - virtualized system.
[    0.000000] x86/PAT: Configuration [0-7]: WB  WT  UC- UC  WB  WT  UC- UC  
[    0.000000] found SMP MP-table at [mem 0x0009fff0-0x0009ffff] mapped at [ffff88000009fff0]
[    0.000000] Scanning 1 areas for low memory corruption
[    0.000000] RAMDISK: [mem 0x361ee000-0x370eefff]
[    0.000000] ACPI: Early table checksum verification disabled
[    0.000000] ACPI: RSDP 0x00000000000E0000 000024 (v02 VBOX  )
[    0.000000] ACPI: XSDT 0x000000003FFF0030 00003C (v01 VBOX   VBOXXSDT 00000001 ASL  00000061)
[    0.000000] ACPI: FACP 0x000000003FFF00F0 0000F4 (v04 VBOX   VBOXFACP 00000001 ASL  00000061)
[    0.000000] ACPI: DSDT 0x000000003FFF0470 0021FF (v02 VBOX   VBOXBIOS 00000002 INTL 20160831)
[    0.000000] ACPI: FACS 0x000000003FFF0200 000040
[    0.000000] ACPI: FACS 0x000000003FFF0200 000040
[    0.000000] ACPI: APIC 0x000000003FFF0240 00005C (v02 VBOX   VBOXAPIC 00000001 ASL  00000061)
[    0.000000] ACPI: SSDT 0x000000003FFF02A0 0001CC (v01 VBOX   VBOXCPUT 00000002 INTL 20160831)
[    0.000000] No NUMA configuration found
[    0.000000] Faking a node at [mem 0x0000000000000000-0x000000003ffeffff]
[    0.000000] NODE_DATA(0) allocated [mem 0x3ffeb000-0x3ffeffff]
[    0.000000] kvm-clock: Using msrs 4b564d01 and 4b564d00
[    0.000000] kvm-clock: cpu 0, msr 0:3ffe3001, primary cpu clock
[    0.000000] kvm-clock: using sched offset of 3212320978 cycles
[    0.000000] clocksource: kvm-clock: mask: 0xffffffffffffffff max_cycles: 0x1cd42e4dffb, max_idle_ns: 881590591483 ns
[    0.000000] Zone ranges:
[    0.000000]   DMA      [mem 0x0000000000001000-0x0000000000ffffff]
[    0.000000]   DMA32    [mem 0x0000000001000000-0x000000003ffeffff]
[    0.000000]   Normal   empty
[    0.000000]   Device   empty
[    0.000000] Movable zone start for each node
[    0.000000] Early memory node ranges
[    0.000000]   node   0: [mem 0x0000000000001000-0x000000000009efff]
[    0.000000]   node   0: [mem 0x0000000000100000-0x000000003ffeffff]
[    0.000000] Initmem setup node 0 [mem 0x0000000000001000-0x000000003ffeffff]
[    0.000000] ACPI: PM-Timer IO Port: 0x4008
[    0.000000] IOAPIC[0]: apic_id 2, version 32, address 0xfec00000, GSI 0-23
[    0.000000] ACPI: INT_SRC_OVR (bus 0 bus_irq 0 lobal_irq 2 dfl dfl)
[    0.000000] ACPI: INT_SRC_OVR (bus 0 bus_irq 9 global_irq 9 low level)
[    0.000000] Using ACPI (MADT) for SMP configuration information
[    0.000000] smpboot: Allowing 2 CPUs, 0 hotplug CPUs
[    0.000000] PM: Registered nosave memory: [mem 0x00000000-0x00000fff]
[    0.000000] PM: Registered nosave memory: [mem 0x0009f000-0x0009ffff]
[    0.000000] PM: Registered nosave memory: [mem 0x000a0000-0x000effff]
[    0.000000] PM: Registered nosave memory: [mem 0x000f0000-0x000fffff]
[    0.000000] e820: [mem 0x40000000-0xfebfffff] available for PCI devices
[    0.000000] Booting paravirtualized kernel on KVM
[    0.000000] clocksource: refined-jiffies: mask: 0xffffffff max_cycles: 0xffffffff, max_idle_ns: 7645519600211568 ns
[    0.000000] setup_percpu: NR_CPUS:512 nr_cpumask_bits:512 nr_cpu_ids:2 nr_node_ids:1
[    0.000000] PERCPU: Embedded 34 pages/cpu @ffff88003fc00000 s99480 r8192 d31592 u1048576
[    0.000000] Built 1 zonelists in Node order, mobility grouping on.  Total pages: 257912
[    0.000000] Policy zone: DMA32
[    0.000000] Kernel command line: BOOT_IMAGE=/boot/vmlinuz-4.4.0-142-generic root=UUID=73651260-a8f2-44b4-b86a-2bbaa51ec794 ro console=tty1 console=ttyS0
[    0.000000] PID hash table entries: 4096 (order: 3, 32768 bytes)
[    0.000000] Memory: 997168K/1048120K available (8603K kernel code, 1332K rwdata, 4004K rodata, 1484K init, 1316K bss, 50952K reserved, 0K cma-reserved)
[    0.000000] SLUB: HWalign=64, Order=0-3, MinObjects=0, CPUs=2, Nodes=1
[    0.000000] Kernel/User page tables isolation: enabled
[    0.000000] Hierarchical RCU implementation.
[    0.000000] 	Build-time adjustment of leaf fanout to 64.
[    0.000000] 	RCU restricting CPUs from NR_CPUS=512 to nr_cpu_ids=2.
[    0.000000] RCU: Adjusting geometry for rcu_fanout_leaf=64, nr_cpu_ids=2
[    0.000000] NR_IRQS:33024 nr_irqs:440 16
[    0.000000] Console: colour VGA+ 80x25
[    0.000000] console [tty1] enabled
[    0.000000] console [ttyS0] enabled
[    0.000000] tsc: Detected 2208.006 MHz processor
[    0.170688] Calibrating delay loop (skipped) preset value.. 4416.01 BogoMIPS (lpj=8832024)
[    0.171878] pid_max: default: 32768 minimum: 301
[    0.172516] ACPI: Core revision 20150930
[    0.173837] ACPI: 2 ACPI AML tables successfully acquired and loaded
[    0.174773] Security Framework initialized
[    0.175831] Yama: becoming mindful.
[    0.176913] AppArmor: AppArmor initialized
[    0.178139] Dentry cache hash table entries: 131072 (order: 8, 1048576 bytes)
[    0.179820] Inode-cache hash table entries: 65536 (order: 7, 524288 bytes)
[    0.180728] Mount-cache hash table entries: 2048 (order: 2, 16384 bytes)
[    0.181556] Mountpoint-cache hash table entries: 2048 (order: 2, 16384 bytes)
[    0.182553] Initializing cgroup subsys io
[    0.183144] Initializing cgroup subsys memory
[    0.183757] Initializing cgroup subsys devices
[    0.184374] Initializing cgroup subsys freezer
[    0.195548] Initializing cgroup subsys net_cls
[    0.205614] Initializing cgroup subsys perf_event
[    0.206282] Initializing cgroup subsys net_prio
[    0.206913] Initializing cgroup subsys hugetlb
[    0.207539] Initializing cgroup subsys pids
[    0.209769] mce: CPU supports 0 MCE banks
[    0.210382] Last level iTLB entries: 4KB 64, 2MB 8, 4MB 8
[    0.211098] Last level dTLB entries: 4KB 64, 2MB 0, 4MB 0, 1GB 4
[    0.211865] Spectre V2 : Mitigation: Full generic retpoline
[    0.212589] Spectre V2 : Spectre v2 / SpectreRSB mitigation: Filling RSB on context switch
[    0.213725] Speculative Store Bypass: Vulnerable
[    0.216493] Freeing SMP alternatives memory: 32K
[    0.221484] ftrace: allocating 32277 entries in 127 pages
[    0.268487] smpboot: APIC(0) Converting physical 0 to logical package 0
[    0.274671] smpboot: Max logical packages: 1
[    0.275512] x2apic enabled
[    0.276158] Switched APIC routing to physical x2apic.
[    0.277767] ..TIMER: vector=0x30 apic1=0 pin1=2 apic2=-1 pin2=-1
[    0.386456] smpboot: CPU0: Intel(R) Core(TM) i5-7260U CPU @ 2.20GHz (family: 0x6, model: 0x8e, stepping: 0x9)
[    0.393419] Performance Events: unsupported p6 CPU model 142 no PMU driver, software events only.
[    0.419349] KVM setup paravirtual spinlock
[    0.427671] x86: Booting SMP configuration:
[    0.428273] .... node  #0, CPUs:      #1
[    0.428916] kvm-clock: cpu 1, msr 0:3ffe3041, secondary cpu clock
[    0.431159] mce: CPU supports 0 MCE banks
[    0.433571] x86: Booted up 1 node, 2 CPUs
[    0.434318] smpboot: Total of 2 processors activated (8832.02 BogoMIPS)
[    0.435483] devtmpfs: initialized
[    0.437728] evm: security.selinux
[    0.438246] evm: security.SMACK64
[    0.438769] evm: security.SMACK64EXEC
[    0.439321] evm: security.SMACK64TRANSMUTE
[    0.439909] evm: security.SMACK64MMAP
[    0.440455] evm: security.ima
[    0.440937] evm: security.capability
[    0.441605] clocksource: jiffies: mask: 0xffffffff max_cycles: 0xffffffff, max_idle_ns: 7645041785100000 ns
[    0.442900] futex hash table entries: 512 (order: 3, 32768 bytes)
[    0.443773] pinctrl core: initialized pinctrl subsystem
[    0.444564] RTC time:  7:57:59, date: 02/25/19
[    0.445378] NET: Registered protocol family 16
[    0.454623] cpuidle: using governor ladder
[    0.466019] cpuidle: using governor menu
[    0.466676] PCCT header not found.
[    0.467327] ACPI: bus type PCI registered
[    0.467993] acpiphp: ACPI Hot Plug PCI Controller Driver version: 0.5
[    0.469036] PCI: Using configuration type 1 for base access
[    0.482808] ACPI: Added _OSI(Module Device)
[    0.483495] ACPI: Added _OSI(Processor Device)
[    0.484196] ACPI: Added _OSI(3.0 _SCP Extensions)
[    0.484963] ACPI: Added _OSI(Processor Aggregator Device)
[    0.486327] ACPI: Executed 1 blocks of module-level executable AML code
[    0.489008] ACPI: Interpreter enabled
[    0.489644] ACPI: (supports S0 S5)
[    0.490234] ACPI: Using IOAPIC for interrupt routing
[    0.491138] PCI: Using host bridge windows from ACPI; if necessary, use "pci=nocrs" and report a bug
[    0.495199] ACPI: PCI Root Bridge [PCI0] (domain 0000 [bus 00-ff])
[    0.496110] acpi PNP0A03:00: _OSC: OS supports [ASPM ClockPM Segments MSI]
[    0.497101] acpi PNP0A03:00: _OSC: not requesting OS control; OS requires [ExtendedConfig ASPM ClockPM MSI]
[    0.498578] acpi PNP0A03:00: fail to add MMCONFIG information, can't access extended PCI configuration space under this bridge.
[    0.500422] PCI host bridge to bus 0000:00
[    0.501095] pci_bus 0000:00: root bus resource [io  0x0000-0x0cf7 window]
[    0.511310] pci_bus 0000:00: root bus resource [io  0x0d00-0xffff window]
[    0.512149] pci_bus 0000:00: root bus resource [mem 0x000a0000-0x000bffff window]
[    0.513212] pci_bus 0000:00: root bus resource [mem 0x40000000-0xfdffffff window]
[    0.514281] pci_bus 0000:00: root bus resource [bus 00-ff]
[    0.516120] pci 0000:00:01.1: legacy IDE quirk: reg 0x10: [io  0x01f0-0x01f7]
[    0.516992] pci 0000:00:01.1: legacy IDE quirk: reg 0x14: [io  0x03f6]
[    0.517807] pci 0000:00:01.1: legacy IDE quirk: reg 0x18: [io  0x0170-0x0177]
[    0.518699] pci 0000:00:01.1: legacy IDE quirk: reg 0x1c: [io  0x0376]
[    0.530609] pci 0000:00:07.0: quirk: [io  0x4000-0x403f] claimed by PIIX4 ACPI
[    0.531823] pci 0000:00:07.0: quirk: [io  0x4100-0x410f] claimed by PIIX4 SMB
[    0.548008] ACPI: PCI Interrupt Link [LNKA] (IRQs 5 9 10 *11)
[    0.549368] ACPI: PCI Interrupt Link [LNKB] (IRQs 5 9 *10 11)
[    0.550590] ACPI: PCI Interrupt Link [LNKC] (IRQs 5 *9 10 11)
[    0.567736] ACPI: PCI Interrupt Link [LNKD] (IRQs 5 9 10 *11)
[    0.571906] ACPI: Enabled 2 GPEs in block 00 to 07
[    0.572911] vgaarb: setting as boot device: PCI:0000:00:02.0
[    0.573662] vgaarb: device added: PCI:0000:00:02.0,decodes=io+mem,owns=io+mem,locks=none
[    0.574813] vgaarb: loaded
[    0.575277] vgaarb: bridge control possible 0000:00:02.0
[    0.576167] SCSI subsystem initialized
[    0.576825] ACPI: bus type USB registered
[    0.577435] usbcore: registered new interface driver usbfs
[    0.578164] usbcore: registered new interface driver hub
[    0.578877] usbcore: registered new device driver usb
[    0.580098] PCI: Using ACPI for IRQ routing
[    0.580918] NetLabel: Initializing
[    0.581447] NetLabel:  domain hash size = 128
[    0.582061] NetLabel:  protocols = UNLABELED CIPSOv4
[    0.582736] NetLabel:  unlabeled traffic allowed by default
[    0.583559] amd_nb: Cannot enumerate AMD northbridges
[    0.584287] clocksource: Switched to clocksource kvm-clock
[    0.595461] AppArmor: AppArmor Filesystem Enabled
[    0.601480] pnp: PnP ACPI init
[    0.645646] pnp: PnP ACPI: found 3 devices
[    0.653761] clocksource: acpi_pm: mask: 0xffffff max_cycles: 0xffffff, max_idle_ns: 2085701024 ns
[    0.655004] NET: Registered protocol family 2
[    0.655756] TCP established hash table entries: 8192 (order: 4, 65536 bytes)
[    0.656668] TCP bind hash table entries: 8192 (order: 5, 131072 bytes)
[    0.657494] TCP: Hash tables configured (established 8192 bind 8192)
[    0.658302] UDP hash table entries: 512 (order: 2, 16384 bytes)
[    0.659063] UDP-Lite hash table entries: 512 (order: 2, 16384 bytes)
[    0.659883] NET: Registered protocol family 1
[    0.660504] pci 0000:00:00.0: Limiting direct PCI/PCI transfers
[    0.661284] pci 0000:00:01.0: Activating ISA DMA hang workarounds
[    0.662160] Unpacking initramfs...
[    0.843763] Freeing initrd memory: 15364K
[    0.855402] platform rtc_cmos: registered platform RTC device (no PNP device found)
[    0.856526] Scanning for low memory corruption every 60 seconds
[    0.857611] audit: initializing netlink subsys (disabled)
[    0.858335] audit: type=2000 audit(1551081484.682:1): initialized
[    0.859327] Initialise system trusted keyring
[    0.860044] HugeTLB registered 2 MB page size, pre-allocated 0 pages
[    0.861943] zbud: loaded
[    0.862666] VFS: Disk quotas dquot_6.6.0
[    0.863264] VFS: Dquot-cache hash table entries: 512 (order 0, 4096 bytes)
[    0.864297] squashfs: version 4.0 (2009/01/31) Phillip Lougher
[    0.865282] fuse init (API version 7.23)
[    0.865977] Key type big_key registered
[    0.866555] Allocating IMA MOK and blacklist keyrings.
[    0.868044] Key type asymmetric registered
[    0.868680] Asymmetric key parser 'x509' registered
[    0.869375] Block layer SCSI generic (bsg) driver version 0.4 loaded (major 249)
[    0.870456] io scheduler noop registered
[    0.871034] io scheduler deadline registered (default)
[    0.871742] io scheduler cfq registered
[    0.872392] pci_hotplug: PCI Hot Plug PCI Core version: 0.5
[    0.873120] pciehp: PCI Express Hot Plug Controller Driver version: 0.4
[    0.874031] ACPI: AC Adapter [AC] (on-line)
[    0.874669] input: Power Button as /devices/LNXSYSTM:00/LNXPWRBN:00/input/input0
[    0.875727] ACPI: Power Button [PWRF]
[    0.876324] input: Sleep Button as /devices/LNXSYSTM:00/LNXSLPBN:00/input/input1
[    0.877377] ACPI: Sleep Button [SLPF]
[    0.878048] GHES: HEST is not enabled!
[    0.878701] Serial: 8250/16550 driver, 32 ports, IRQ sharing enabled
[    0.900815] 00:02: ttyS0 at I/O 0x3f8 (irq = 4, base_baud = 115200) is a 16550A
[    0.911105] Linux agpgart interface v0.103
[    0.913476] loop: module loaded
[    0.914441] scsi host0: ata_piix
[    0.915065] scsi host1: ata_piix
[    0.915603] ata1: PATA max UDMA/33 cmd 0x1f0 ctl 0x3f6 bmdma 0xd000 irq 14
[    0.916458] ata2: PATA max UDMA/33 cmd 0x170 ctl 0x376 bmdma 0xd008 irq 15
[    0.917388] libphy: Fixed MDIO Bus: probed
[    0.918015] tun: Universal TUN/TAP device driver, 1.6
[    0.921014] tun: (C) 1999-2004 Max Krasnyansky <maxk@qualcomm.com>
[    0.921860] PPP generic driver version 2.4.2
[    0.922541] ehci_hcd: USB 2.0 'Enhanced' Host Controller (EHCI) Driver
[    0.923362] ehci-pci: EHCI PCI platform driver
[    0.923998] ehci-platform: EHCI generic platform driver
[    0.924716] ohci_hcd: USB 1.1 'Open' Host Controller (OHCI) Driver
[    0.925500] ohci-pci: OHCI PCI platform driver
[    0.926124] ohci-platform: OHCI generic platform driver
[    0.926821] uhci_hcd: USB Universal Host Controller Interface driver
[    0.927665] i8042: PNP: PS/2 Controller [PNP0303:PS2K,PNP0f03:PS2M] at 0x60,0x64 irq 1,12
[    0.929209] serio: i8042 KBD port at 0x60,0x64 irq 1
[    0.929881] serio: i8042 AUX port at 0x60,0x64 irq 12
[    0.930689] mousedev: PS/2 mouse device common for all mice
[    0.931656] input: AT Translated Set 2 keyboard as /devices/platform/i8042/serio0/input/input2
[    0.933173] rtc_cmos rtc_cmos: rtc core: registered rtc_cmos as rtc0
[    0.934010] rtc_cmos rtc_cmos: alarms up to one day, 114 bytes nvram
[    0.934825] i2c /dev entries driver
[    0.935410] device-mapper: uevent: version 1.0.3
[    0.936117] device-mapper: ioctl: 4.34.0-ioctl (2015-10-28) initialised: dm-devel@redhat.com
[    0.937307] ledtrig-cpu: registered to indicate activity on CPUs
[    0.938391] NET: Registered protocol family 10
[    0.939165] NET: Registered protocol family 17
[    0.939794] Key type dns_resolver registered
[    0.940702] registered taskstats version 1
[    0.941300] Loading compiled-in X.509 certificates
[    0.942439] Loaded X.509 cert 'Build time autogenerated kernel key: bff73e56bc0efa7435b2a24f5427674623f1be80'
[    0.943744] zswap: loaded using pool lzo/zbud
[    0.945768] Key type trusted registered
[    0.948665] Key type encrypted registered
[    0.949256] AppArmor: AppArmor sha1 policy hashing enabled
[    0.949971] ima: No TPM chip found, activating TPM-bypass!
[    0.950687] ima: Allocated hash algorithm: sha1
[    0.951342] evm: HMAC attrs: 0x1
[    0.952101]   Magic number: 7:38:977
[    0.952732] rtc_cmos rtc_cmos: setting system clock to 2019-02-25 07:58:00 UTC (1551081480)
[    0.953971] BIOS EDD facility v0.16 2004-Jun-25, 0 devices found
[    0.954747] EDD information not available.
[    1.081167] Freeing unused kernel memory: 1484K
[    1.166417] Write protecting the kernel read-only data: 14336k
[    1.167913] Freeing unused kernel memory: 1624K
[    1.169066] Freeing unused kernel memory: 92K
Loading, please [    1.180100] random: systemd-udevd: uninitialized urandom read (16 bytes read, 1 bits of entropy available)
wait...
startin[    1.180635] random: udevadm: uninitialized urandom read (16 bytes read, 1 bits of entropy available)
g version 229
[    1.180653] random: udevadm: uninitialized urandom read (16 bytes read, 1 bits of entropy available)
[    1.188796] random: udevadm: uninitialized urandom read (16 bytes read, 1 bits of entropy available)
[    1.188843] random: udevadm: uninitialized urandom read (16 bytes read, 1 bits of entropy available)
[    1.188999] random: udevadm: uninitialized urandom read (16 bytes read, 1 bits of entropy available)
[    1.189055] random: udevadm: uninitialized urandom read (16 bytes read, 1 bits of entropy available)
[    1.189108] random: udevadm: uninitialized urandom read (16 bytes read, 1 bits of entropy available)
[    1.189166] random: udevadm: uninitialized urandom read (16 bytes read, 1 bits of entropy available)
[    1.189221] random: udevadm: uninitialized urandom read (16 bytes read, 1 bits of entropy available)
[    1.846978] e1000: Intel(R) PRO/1000 Network Driver - version 7.3.21-k8-NAPI
[    1.855555] e1000: Copyright (c) 1999-2006 Intel Corporation.
[    1.856336] tsc: Refined TSC clocksource calibration: 2207.199 MHz
[    1.857135] clocksource: tsc: mask: 0xffffffffffffffff max_cycles: 0x1fd0c3a14d4, max_idle_ns: 440795289003 ns
[    1.858683] Fusion MPT base driver 3.04.20
[    1.859373] Copyright (c) 1999-2008 LSI Corporation
[    1.862903] Fusion MPT SPI Host driver 3.04.20
[    1.876455] mptbase: ioc0: Initiating bringup
[    1.887203] AVX2 version of gcm_enc/dec engaged.
[    1.887983] AES CTR mode by8 optimization enabled
[    1.948547] ioc0: LSI53C1030 A0: Capabilities={Initiator}
[    2.092129] input: ImExPS/2 Generic Explorer Mouse as /devices/platform/i8042/serio1/input/input4
[    2.661847] scsi host2: ioc0: LSI53C1030 A0, FwRev=00000000h, Ports=1, MaxQ=256, IRQ=20
[    2.926335] scsi 2:0:0:0: Direct-Access     VBOX     HARDDISK         1.0  PQ: 0 ANSI: 5
[    2.967438] scsi target2:0:0: Beginning Domain Validation
[    2.973929] scsi target2:0:0: Domain Validation skipping write tests
[    2.974776] scsi target2:0:0: Ending Domain Validation
[    2.975532] scsi target2:0:0: asynchronous
[    2.976594] scsi 2:0:1:0: Direct-Access     VBOX     HARDDISK         1.0  PQ: 0 ANSI: 5
[    2.977781] scsi target2:0:1: Beginning Domain Validation
[    2.979017] scsi target2:0:1: Domain Validation skipping write tests
[    2.979856] scsi target2:0:1: Ending Domain Validation
[    2.980613] scsi target2:0:1: asynchronous
[    2.997062] sd 2:0:0:0: Attached scsi generic sg0 type 0
[    2.997836] sd 2:0:0:0: [sda] 20971520 512-byte logical blocks: (10.7 GB/10.0 GiB)
[    2.999348] sd 2:0:1:0: Attached scsi generic sg1 type 0
[    3.000430] sd 2:0:0:0: [sda] Write Protect is off
[    3.001248] sd 2:0:1:0: [sdb] 20480 512-byte logical blocks: (10.5 MB/10.0 MiB)
[    3.011035] sd 2:0:0:0: [sda] Incomplete mode parameter data
[    3.011924] sd 2:0:0:0: [sda] Assuming drive cache: write through
[    3.013202] sd 2:0:1:0: [sdb] Write Protect is off
[    3.014085] sd 2:0:1:0: [sdb] Incomplete mode parameter data
[    3.014982] sd 2:0:1:0: [sdb] Assuming drive cache: write through
[    3.016604]  sda: sda1
[    3.017549] sd 2:0:0:0: [sda] Attached SCSI disk
[    3.024043] sd 2:0:1:0: [sdb] Attached SCSI disk
[    3.263460] e1000 0000:00:03.0 eth0: (PCI:33MHz:32-bit) 02:b4:5c:5b:e6:80
[    3.264483] e1000 0000:00:03.0 eth0: Intel(R) PRO/1000 Network Connection
[    3.595667] e1000 0000:00:08.0 eth1: (PCI:33MHz:32-bit) 08:00:27:5e:9f:d9
[    3.596724] e1000 0000:00:08.0 eth1: Intel(R) PRO/1000 Network Connection
[    3.598337] e1000 0000:00:03.0 enp0s3: renamed from eth0
[    3.608892] e1000 0000:00:08.0 enp0s8: renamed from eth1
Begin: Loading essential drivers ... [    4.921346] md: linear personality registered for level -1
[    4.924076] md: multipath personality registered for level -4
[    4.927833] md: raid0 personality registered for level 0
[    4.931468] md: raid1 personality registered for level 1
[    5.004345] raid6: sse2x1   gen() 11827 MB/s
[    5.076353] raid6: sse2x1   xor()  8841 MB/s
[    5.144344] raid6: sse2x2   gen() 14526 MB/s
[    5.212354] raid6: sse2x2   xor() 10061 MB/s
[    5.280346] raid6: sse2x4   gen() 16498 MB/s
[    5.348303] raid6: sse2x4   xor() 11362 MB/s
[    5.416315] raid6: avx2x1   gen() 23583 MB/s
[    5.484312] raid6: avx2x2   gen() 25254 MB/s
[    5.552342] raid6: avx2x4   gen() 28723 MB/s
[    5.555287] raid6: using algorithm avx2x4 gen() 28723 MB/s
[    5.556091] raid6: using avx2x2 recovery algorithm
[    5.557909] xor: automatically using best checksumming function:
[    5.608340]    avx       : 61683.000 MB/sec
[    6.056097] async_tx: api initialized (async)
[    6.063718] md: raid6 personality registered for level 6
[    6.064571] md: raid5 personality registered for level 5
[    6.065397] md: raid4 personality registered for level 4
[    6.071270] md: raid10 personality registered for level 10
done.
Begin: Running /scripts/init-premount ... done.
Begin: Mounting root file system ... Begin: Running /scripts/local-top ... done.
Begin: Running /scripts/local-premount ... [    6.093108] Btrfs loaded
Scanning for Btrfs filesystems
done.
Warning: fsck no[    6.120132] EXT4-fs (sda1): INFO: recovery required on readonly filesystem
t present, so skipping root file system
[    6.154589] EXT4-fs (sda1): write access will be enabled during recovery
[    6.216630] EXT4-fs (sda1): orphan cleanup on readonly fs
[    6.217442] EXT4-fs (sda1): 7 orphan inodes deleted
[    6.774944] EXT4-fs (sda1): recovery complete
[    6.776088] EXT4-fs (sda1): mounted filesystem with ordered data mode. Opts: (null)
done.
Begin: Running /scripts/local-bottom ... done.
Begin: Running /scripts/init-bottom ... done.
[    6.878975] systemd[1]: systemd 229 running in system mode. (+PAM +AUDIT +SELINUX +IMA +APPARMOR +SMACK +SYSVINIT +UTMP +LIBCRYPTSETUP +GCRYPT +GNUTLS +ACL +XZ -LZ4 +SECCOMP +BLKID +ELFUTILS +KMOD -IDN)
[    6.882599] systemd[1]: Detected virtualization oracle.
[    6.883692] systemd[1]: Detected architecture x86-64.

Welcome to [1mUbuntu 16.04.5 LTS[0m!

[    6.970149] systemd[1]: Set hostname to <ubuntu-xenial>.
[   7.364482] systemd[1]: Reached target System Time Synchronized.
[[0;32m  OK  [0m] Reached target System Time Synchronized.
[    7.392030] systemd[1]: Listening on Journal Socket.
[[0;32m  OK  [0m] Listening on Journal Socket.
[    7.393696] systemd[1]: Reached target Encrypted Volumes.
[[0;32m  OK  [0m] Reached target Encrypted Volumes.
[    7.395452] systemd[1]: Listening on /dev/initctl Compatibility Named Pipe.
[[0;32m  OK  [0m] Listening on /dev/initctl Compatibility Named Pipe.
[    7.397710] systemd[1]: Created slice User and Session Slice.
[[0;32m  OK  [0m] Created slice User and Session Slice.
[    7.399499] systemd[1]: Reached target User and Group Name Lookups.
[[0;32m  OK  [0m] Reached target User and Group Name Lookups.
[    7.792751] systemd[1]: Listening on Device-mapper event daemon FIFOs.
[[0;32m  OK  [0m] Listening on Device-mapper event daemon FIFOs.
[    7.801178] systemd[1]: Listening on Syslog Socket.
[[0;32m  OK  [0m] Listening on Syslog Socket.
[    7.807503] systemd[1]:Started Forward Password Requests to Wall Directory Watch.
[[0;32m  OK  [0m] Started Forward Password Requests to Wall Directory Watch.
[    7.857692] systemd[1]: Listening on Journal Socket (/dev/log).
[[0;32m  OK  [0m] [    7.858892] random: nonblocking pool is initialized
Listening on Journal Socket (/dev/log).
[    7.860088] systemd[1]: Set up automount Arbitrary Executable File Formats File System Automount Point.
[[0;32m  OK  [0m] Set up automount Arbitrary Executab...ats File System Automount Point.
[    7.862356] systemd[1]: Reached target Swap.
[[0;32m  OK  [0m] Reached target Swap.
[    7.863712] systemd[1]: Listening on udev Control Socket.
[[0;32m  OK  [0m] Listening on udev Control Socket.
[    7.865251] systemd[1]: Listening on LVM2 poll daemon socket.
[[0;32m  OK  [0m] Listening on LVM2 poll daemon socket.
[    7.866862] systemd[1]: Listening on Journal Audit Socket.
[[0;32m  OK  [0m] Listening on Journal Audit Socket.
[    7.868638] systemd[1]: Created slice System Slice.
[[0;32m  OK  [0m] Created slice System Slice.
[    7.880427] systemd[1]: Starting Nameserver information manager...
         Starting Nameserver information manager...
[    7.897088] systemd[1]: Starting Set console keymap...
         Starting Set console keymap...
[    7.900235] systemd[1]: Starting Uncomplicated firewall...
         Starting Uncomplicated firewall...
[    7.902426] systemd[1]: Starting Remount Root and Kernel File Systems...
         Starting Remount Root and Kernel File Systems...
[    7.905129] systemd[1]: Mounting Debug File System...
         Mounting Debug File Sys[    7.908409] EXT4-fs (sda1): re-mounted. Opts: (null)
tem...
[    7.910061] systemd[1]: Starting Journal Service...
         Starting Journal Service...
[    7.920725] systemd[1]: Created slice system-serial\x2dgetty.slice.
[[0;32m  OK  [0m] Created slice system-serial\x2dgetty.slice.
[    7.925203] systemd[1]: Mounting Huge Pages File System...
         Mounting Huge Pages File System...
[    7.927911] systemd[1]: Starting Load Kernel Modules...
         Starting Load Kernel Modules...
[    7.929920] systemd[1]: Starting Create list of required static device nodes for the current kernel...
         Starting Create list of required st... nodes for the current kernel...
[    7.933052] systemd[1]: Reached target Slices.
[[0;32m  OK  [[    7.942381] Loading iSCSI transport class v2.0-870.
0m] Reached target Slices.
[    7.945706] systemd[1]: Listening on udev Kernel Socket.
[[0;32m  OK  [0m] Listening on udev Kernel Socket.
[    7.956270] systemd[1]: Started Trigger resolvconf update for networkd DNS.
[[0;32m  OK  [0m] Started Trigger resolvconf u[    7.958662] iscsi: registered transport (tcp)
pdate for networkd DNS.
[    7.960822] systemd[1]: Listening on LVM2 metadata daemon socket.
[[0;32m  OK  [0m] Listening on LVM2 metadata daemon socket.
[    7.981651] iscsi: registered transport (iser)
[    7.984454] systemd[1]: Starting Monitoring of LVM2 mirrors, snapshots etc. using dmeventd or progress polling...
         Starting Monitoring of LVM2 mirrors... dmeventd or progress polling...
[    7.987370] systemd[1]: Mounting POSIX Message Queue File System...
         Mounting POSIX Message Queue File System...
[    7.990111] systemd[1]: Mounted Debug File System.
[[0;32m  OK  [0m] Mounted Debug File System.
[    8.044657] systemd11]: Mounted POSIX Message Queue File System.
[[0;32m  OK  [0m] Mounted POSIX Message Queue File System.
[    8.525863] systemd[1]: Mounted Huge Pages File System.
[[0;32m  OK  [0m] Mounted Huge Pages File System.
[    8.527293] systemd[1]: Started Journal Service.
[[0;32m  OK  [0m] Started Journal Service.
[[0;32m  OK  [0m] Started Set console keymap.
[[0;32m  OK  [0m] Started Uncomplicated firewall.
[[0;32m  OK  [0m] Started Remount Root and Kernel File Systems.
[[0;32m  OK  [0m] Started Load Kernel Modules.
[[0;32m  OK  [0m] Started Create list of required sta...ce nodes for the current kernel.
[[0;32m  OK  [0m] Started Nameserver information manager.
[[0;32m  OK  [0m] Started LVM2 metadata daemon.
         Starting Create Static Device Nodes in /dev...
         Mounting FUSE Control File System...
         Starting Apply Kernel Variables...
         Starting udev Coldplug all Devices...
         Starting Load/Save Random Seed...
         Starting Flush Journal to Persistent Storage...
[[0;32m  OK  [0m] Mounted FUSE Control File System.
[[0;32m  OK  [0m] Started Create Static Device Nodes in /dev.
[[0;32m  OK  [0m] Started Apply Kernel Variables.
[[0;32m  OK  [0m] Started Load/Save Random Seed.
[[0;32m  OK  [0m] Started udev Coldplug all Devices.
[[0;32m  OK  [0m] Started Flush Journal to Persistent Storage.
         Starting udev Kernel Device Manager...
[[0;32m  OK  [0m] Started udev Kernel Device Manager.
[[0;32m  OK  [0m] Started Dispatch Password Requests to Console Directory Watch.
[[0;32m  OK  [0m] Found device /dev/ttyS0.
[[0;32m  OK  [0m] Listening on Load/Save RF Kill Switch Status /dev/rfkill Watch.
[[0;32m  OK  [0m] Found device 82540EM Gigabit Ethern...r (PRO/1000 MT Desktop Adapter).
[[0;32m  OK  [0m] Found device 82540EM Gigabit Ethern...r (PRO/1000 MT Desktop Adapter).
[[0;32m  OK  [0m] Started Monitoring of LVM2 mirrors,...ng dmeventd or progress polling.
[[0;32m  OK  [0m] Reached target Local File Systems (Pre).
[[0;32m  OK  [0m] Reached target Local File Systems.
         Starting Create Volatile Files and Directories...
         Starting Tell Plymouth To Write Out Runtime Data...
         Starting LSB: AppArmor initialization...
         Starting Initial cloud-init job (pre-networking)...
         Starting Set console font and keymap...
[[0;32m  OK  [0m] Started Create Volatile Files and Directories.
[[0;32m  OK  [0m] Started Tell Plymouth To Write Out Runtime Data.
         Starting Update UTMP about System Boot/Shutdown...
[[0;32m  OK  [0m] Started Update UTMP about System Boot/Shutdown.
[[0;32m  OK  [0m] Started LSB: AppArmor initialization.
[[0;32m  OK  [0m] Started Set console font and keymap.
[[0;32m  OK  [0m] Created slice system-getty.slice.
[    9.758147] cloud-init[642]: Cloud-init v. 18.4-0ubuntu1~16.04.2 running 'init-local' at Mon, 25 Feb 2019 07:58:09 +0000. Up 9.56 seconds.
[[0;32m  OK  [0m] Started Initial cloud-init job (pre-networking).
[[0;32m  OK  [0m] Reached target Network (Pre).
         Starting Raise network interfaces...
[[0;32m  OK  [0m] Started ifup for enp0s8.
[[0;32m  OK  [0m] Started ifup for enp0s3.
[[0;32m  OK  [0m] Started Raise network interfaces.
         Starting Initial cloud-init job (metadata service crawler)...
[[0;32m  OK  [0m] Reached target Network.
[   10.351454] cloud-init[1064]: Cloud-init v. 18.4-0ubuntu1~16.04.2 running 'init' at Mon, 25 Feb 2019 07:58:10 +0000. Up 10.16 seconds.
[   10.359375] cloud-init[1064]: ci-info: ++++++++++++++++++++++++++++++++++++++Net device info+++++++++++++++++++++++++++++++++++++++
[   10.360836] cloud-init[1064]: ci-info: +--------+------+-----------------------------+---------------+--------+-------------------+
[   10.383687] [[0;32m  OK  [0m] Started Initial cloud-init job (metadata service crawler).
cloud-init[[0;32m  OK  [0m] Reached target Cloud-config availability.
[1064]: [[0;32m  OK  [0m] Reached target Network is Online.
ci-info: | Device |  Up  |           Address           |      Mask     | Scope  |     Hw-Address    |
[   10.386856] cloud-init[1064]: ci-info: +--------+------+-----------------------------+---------------+--------+-------------------+
[   10.388421] cloud-init[1064]: ci-info: | enp0s3 | True |          10.0.2.15          | 255.255.255.0 | global | 02:b4:5c:5b:e6:80 |
[   10.389928] cloud-init[1064]: ci-info: | enp0s3 | True |  fe80::b4:5cff:fe5b:e680/64 |       .       |  link  | 02:b4:5c:5b:e6:80 |
[   10.391443] cloud-init[1064]: ci-info: | enp0s8 | True |        192.168.33.12        | 255.255.255.0 | global | 08:00:27:5e:9f:d9 |
[   10.393012] cloud-init[1064]: ci-info: | enp0s8 | True | fe80::a00:27ff:fe5e:9fd9/64 |       .       |  link  | 08:00:27:5e:9f:d9 |
[   10.400386]          cloud-initStarting iSCSI initiator daemon (iscsid)...[1064]: 
ci-info: |   lo   | True |          127.0.0.1          |   255.0.0.0   |  host  |         .         |
[   10.402898] [[0;32m  OK  [0m] Reached target System Initialization.
cloud-init[1064]: ci-info: |   lo   | True |           ::1/128           |       .       |  host  |         .         |[[0;32m  OK  [0m] Started ACPI Events Check.

[[0;32m  OK  [0m] Reached target Paths.
[[0;32m  OK  [0m] Listening on ACPID Listen Socket.
[[0;32m  OK  [0m] Listening on UUID daemon activation socket.
         Starting Socket activation for snappy daemon.
[[0;32m  OK  [0m] Listening on D-Bus System Message Bus Socket.
[[   10.479434] [0;32m  OK  [0m] Started Daily apt download activities.
cloud-init[[0;32m  OK  [0m] Started Daily apt upgrade and clean activities.
[1064]:          Starting LXD - unix socket.
ci-info: +--------+------+-----------------------------+---------------+--------+-------------------+
[   10.492233] [[0;32m  OK  [0m] Started Daily Cleanup of Temporary Directories.
cloud-init[1064]: ci-info: ++++++++++++++++++++++++++++Route IPv4 info++++++++++++++++++++++++++++
[   10.520675] [cloud-init[0;32m  OK  [0m[1064]: ] ci-info: +-------+--------------+----------+---------------+-----------+-------+Reached target Timers.

[   10.524960] cloud-init[1064]: ci-info: | Route | Destination  | Gateway  |    Genmask    | Interface | Flags |
[   10.527073] cloud-init[1064]: ci-info: +-------+--------------+----------+---------------+-----------+-------+
[   10.604497] [cloud-init[0;32m  OK  [0m[1064]: ] ci-info: |   0   |   0.0.0.0    | 10.0.2.2 |    0.0.0.0    |   enp0s3  |   UG  |Listening on Socket activation for snappy daemon.

[   10.635113] [[0;32m  OK  [0m] Listening on LXD - unix socket.
cloud-init[[0;32m  OK  [0m] Started iSCSI initiator daemon (iscsid).
[1064]: ci-info: |   1   |   10.0.2.0   | 0.0.0.0  | 255.255.255.0 |   enp0s3  |   U   |
[   10.644190] cloud-init[1064]: ci-info: |   2   | 192.168.33.0 | 0.0.0.0  | 255.255.255.0 |   enp0s8  |   U   |
[   10.655512] cloud-init[1064]: ci-info: +-------+--------------+----------+---------------+-----------+-------+
[   10.744947]          cloud-initStarting Login to default iSCSI targets...[1064]: 
ci-info: +++++++++++++++++++Route IPv6 info+++++++++++++++++++
[   10.816875] [cloud-init[0;32m  OK  [0m[1064]: ] ci-info: +-------+-------------+---------+-----------+-------+Reached target Sockets.

[[0;32m  OK  [0m] Reached target Basic System.
[   10.837306] cloud-init[1064]: ci-info: | Route | Destination | Gateway | Interface | Flags |
[   10.842223] cloud-init[1064]: ci-info: +-------+-------------+---------+-----------+-------+
[   10.884593]          cloud-initStarting LSB: Record successful boot for GRUB...[1064]: 
ci-info: |   0   |  fe80::/64  |    ::   |   enp0s8  |   U   |
[   10.944651]          cloud-initStarting Login Service...[1064]: 
ci-info: |   1   |  fe80::/64  |    ::   |   enp0s3  |   U   |
[   10.976353]          Starting LSB: MD monitoring daemon...
cloud-init[1064]: ci-info: |   4   |   ff00::/8  |    ::   |   enp0s8  |   U   |
[   10.988371] [[0;32m  OK  [0m] Started FUSE filesystem for LXC.
cloud-init[1064]:          Starting LXD - container startup/shutdown...
ci-info: |   5   |   ff00::/8  |    ::   |   enp0s3  |   U   |[[0;32m  OK  [0m] Started Regular background program processing daemon.

         Starting System Logging Service...
         Starting The PHP 7.0 FastCGI Process Manager...
[[0;32m  OK  [0m] Started Deferred execution scheduler.
[   11.012444] [[0;32m  OK  [0m] Started ACPI event daemon.
cloud-init[1064]:          Starting /etc/rc.local Compatibility...
ci-info: +-------+-------------+---------+-----------+-------+         Starting Accounts Service...
[[0;32m  OK  [0m] Started D-Bus System Message Bus.

         Starting OpenBSD Secure Shell server...
         Starting MySQL Community Server...
[[0;32m  OK  [0m] Started Unattended Upgrades Shutdown.
         Starting Virtualbox guest utils...
         Starting Snappy daemon...
[[0;32m  OK  [0m] Started System Logging Service.
[[0;32m  OK  [0m] Started /etc/rc.local Compatibility.
[[0;32m  OK  [0m] Started LSB: Record successful boot for GRUB.
[[0;32m  OK  [0m] Started Login to default iSCSI targets.
[[0;32m  OK  [0m] Started Login Service.
         Starting Authenticate and Authorize Users to Run Privileged Tasks...
[[0;32m  OK  [0m] Reached target Remote File Systems (Pre).
[[0;32m  OK  [0m] Reached target Remote File Systems.
         Starting LSB: Set the CPU Frequency Scaling governor to "ondemand"...
         Starting Permit User Sessions...
         Starting LSB: Apache2 web server...
         Starting LSB: daemon to balance interrupts for SMP systems...
         Starting LSB: automatic crash report generation...
[[0;32m  OK  [0m] Started Permit User Sessions.
         Starting Terminate Plymouth Boot Screen...
         Starting Hold until boot process finishes up...
[[0;32m  OK  [0m] Started LSB: Set the CPU Frequency Scaling governor to "ondemand".
[[0;32m  OK  [0m] Started Hold until boot process finishes up.
[[0;32m  OK  [0m] Started Terminate Plymouth Boot Screen.
         Starting Set console scheme...
[[0;32m  OK  [0m] Started Serial Getty on ttyS0.
[[0;32m  OK  [0m] Started Getty on tty1.
[[0;32m  OK  [0m] Reached target Login Prompts.
[[0;32m  OK  [0m] Started LSB: MD monitoring daemon.
[[0;32m  OK  [0m] Started LSB: automatic crash report generation.
[[0;32m  OK  [0m] Started LSB: daemon to balance interrupts for SMP systems.
[[0;32m  OK  [0m] Started Set console scheme.
[[0;32m  OK  [0m] Started LXD - container startup/shutdown.
[[0;32m  OK  [0m] Started OpenBSD Secure Shell server.
[[0;32m  OK  [0m] Started Authenticate and Authorize Users to Run Privileged Tasks.
[[0;32m  OK  [0m] Started Accounts Service.
[[0;32m  OK  [0m] Started Virtualbox guest utils.
[[0;32m  OK  [0m] Created slice User Slice of vagrant.
         Starting User Manager for UID 1000...
[[0;32m  OK  [0m] Started Session 1 of user vagrant.
[[0;32m  OK  [0m] Started User Manager for UID 1000.
[[0;32m  OK  [0m] Started Snappy daemon.
         Starting Wait until snapd is fully seeded...
[[0;32m  OK  [0m] Started Wait until snapd is fully seeded.
         Starting Apply the settings specified in cloud-config...
[[0;32m  OK  [0m] Started The PHP 7.0 FastCGI Process Manager.
[   12.906490] cloud-init[1381]: Cloud-init v. 18.4-0ubuntu1~16.04.2 running 'modules:config' at Mon, 25 Feb 2019 07:58:12 +0000. Up 12.77 seconds.
[[0;32m  OK  [0m] Started Apply the settings specified in cloud-config.
[[0;32m  OK  [0m] Started MySQL Community Server.
[[0;32m  OK  [0m] Started LSB: Apache2 web server.
[[0;32m  OK  [0m] Reached target Multi-User System.
         Starting Execute cloud user/final scripts...
[[0;32m  OK  [0m] Reached target Graphical Interface.
         Starting Update UTMP about System Runlevel Changes...
[[0;32m  OK  [0m] Started Update UTMP about System Runlevel Changes.
[   13.792590] cloud-init[1488]: Cloud-init v. 18.4-0ubuntu1~16.04.2 running 'modules:final' at Mon, 25 Feb 2019 07:58:13 +0000. Up 13.72 seconds.
[   13.803916] cloud-init[1488]: Cloud-init v. 18.4-0ubuntu1~16.04.2 finished at Mon, 25 Feb 2019 07:58:13 +0000. Datasource DataSourceNoCloud [seed=/dev/sdb][dsmode=net].  Up 13.78 seconds
[[0;32m  OK  [0m] Started Execute cloud user/final scripts.
[[0;32m  OK  [0m] Reached target Cloud-init target.
         Starting Daily apt download activities...

Ubuntu 16.04.5 LTS ubuntu-xenial ttyS0

ubuntu-xenial login: 